epoch	loss	output_1_f1_score	output_1_loss	output_2_f1_score	output_2_loss	val_loss	val_output_1_f1_score	val_output_1_loss	val_output_2_f1_score	val_output_2_loss
0	3.332827568054199	0.1190878376364708	2.608156442642212	0.39204731583595276	0.7245360016822815	2.398573637008667	0.21581250429153442	1.9470202922821045	0.4741249978542328	0.45141834020614624
1	2.383495807647705	0.2491486519575119	1.9252052307128906	0.4973716139793396	0.4581557810306549	2.0023980140686035	0.3618750274181366	1.565992832183838	0.5121250152587891	0.4362702965736389
2	1.7251005172729492	0.4310067594051361	1.3242645263671875	0.5710811018943787	0.4007003605365753	1.108635425567627	0.6306250095367432	0.7828461527824402	0.6648125052452087	0.3256532549858093
3	0.9102605581283569	0.6635338068008423	0.6740243434906006	0.747905433177948	0.23609952628612518	0.818367063999176	0.7989374995231628	0.6120442152023315	0.8517500162124634	0.206185445189476
4	0.44798338413238525	0.8184391856193542	0.32982879877090454	0.8717703223228455	0.11801627278327942	0.1780504435300827	0.9374374747276306	0.12481768429279327	0.9491249918937683	0.05309385061264038
5	0.2723311483860016	0.8925135135650635	0.18978558480739594	0.9138107895851135	0.08240614831447601	0.12329308688640594	0.9559375047683716	0.08168885856866837	0.9621875286102295	0.04146431386470795
6	0.19498707354068756	0.9254053831100464	0.13052058219909668	0.9349324107170105	0.06432612985372543	0.10479044169187546	0.9623125195503235	0.06756754219532013	0.9661874771118164	0.03708215430378914
7	0.15572240948677063	0.942506730556488	0.10164032876491547	0.948155403137207	0.05394098162651062	0.08684497326612473	0.9674999713897705	0.0558043010532856	0.9720625281333923	0.030899209901690483
8	0.12976650893688202	0.952736496925354	0.08276049792766571	0.9563784003257751	0.04686423018574715	0.07860900461673737	0.9700000286102295	0.05013898015022278	0.9753124713897705	0.02832798846065998
9	0.11164660006761551	0.9595472812652588	0.07058165967464447	0.9625810980796814	0.040922604501247406	0.7116265892982483	0.9166250228881836	0.5174451470375061	0.9357500076293945	0.19403889775276184
10	0.10029332339763641	0.9637500047683716	0.06344760209321976	0.9669459462165833	0.03670284524559975	0.06868957728147507	0.9723749756813049	0.04266401380300522	0.9755625128746033	0.025882430374622345
11	0.08999726921319962	0.9668310880661011	0.056073084473609924	0.9689932465553284	0.03378080576658249	0.06461786478757858	0.9738749861717224	0.04029439017176628	0.9776874780654907	0.02417987398803234
12	0.08100771903991699	0.9700067639350891	0.05043332278728485	0.9725202918052673	0.030430546030402184	0.06128731369972229	0.976687490940094	0.03682416304945946	0.9764999747276306	0.024319060146808624
13	0.07639551907777786	0.9712499976158142	0.04745607450604439	0.9739729762077332	0.028795115649700165	0.05857966095209122	0.9772499799728394	0.03596236929297447	0.9782500267028809	0.022472716867923737
14	0.06991573423147202	0.973581075668335	0.043075479567050934	0.9756013751029968	0.026695450767874718	0.05618225410580635	0.9778125286102295	0.03447216376662254	0.9793124794960022	0.021565083414316177
15	0.06506095826625824	0.9758040308952332	0.03960418328642845	0.9761824607849121	0.025311540812253952	0.05634865537285805	0.9793750047683716	0.03365352749824524	0.979687511920929	0.022549623623490334
16	0.06191559508442879	0.9768986701965332	0.03743289038538933	0.9774391651153564	0.024336956441402435	0.05374807491898537	0.9790624976158142	0.031852975487709045	0.9786875247955322	0.02174915000796318
17	0.05897056311368942	0.977810800075531	0.03574454411864281	0.9785946011543274	0.023079847916960716	0.05079307779669762	0.9804375171661377	0.031129058450460434	0.9819375276565552	0.019517628476023674
18	0.0558352917432785	0.9785270094871521	0.033611781895160675	0.9795405268669128	0.022076882421970367	0.049435053020715714	0.9805625081062317	0.03040636144578457	0.9815000295639038	0.01888185180723667
19	0.05281578376889229	0.9797365069389343	0.031990595161914825	0.9805878400802612	0.020678116008639336	0.04972279071807861	0.9810624718666077	0.03026103600859642	0.9821875095367432	0.019314439967274666
20	0.04959405958652496	0.9806216359138489	0.02934514544904232	0.9808446168899536	0.020101381465792656	0.04677002131938934	0.9819999933242798	0.028784165158867836	0.9833750128746033	0.01783810928463936
21	0.04867423325777054	0.9811418652534485	0.029068488627672195	0.9816080927848816	0.019457757472991943	0.04659881070256233	0.9826874732971191	0.028301643207669258	0.9823125004768372	0.018148981034755707
22	0.046733155846595764	0.98185133934021	0.027873093262314796	0.9825338125228882	0.018711641430854797	0.04624699428677559	0.9829999804496765	0.028103739023208618	0.9835625290870667	0.017994612455368042
23	0.044272053986787796	0.9825810790061951	0.026293586939573288	0.9827905297279358	0.017829611897468567	0.04579553008079529	0.9831874966621399	0.0279099028557539	0.9832500219345093	0.017736539244651794
24	0.0420573428273201	0.9832634925842285	0.024731939658522606	0.9837702512741089	0.017176050692796707	0.04712842404842377	0.9825624823570251	0.028623204678297043	0.9826874732971191	0.018355658277869225
25	0.04009232297539711	0.9843851327896118	0.02346387319266796	0.9843175411224365	0.016478661447763443	0.045479223132133484	0.9837499856948853	0.028044654056429863	0.9836875200271606	0.017284540459513664
26	0.039201486855745316	0.9838919043540955	0.023157423362135887	0.9844797253608704	0.01589382067322731	0.045181408524513245	0.9833124876022339	0.02762826718389988	0.9833750128746033	0.01740266941487789
27	0.03711069002747536	0.984749972820282	0.021453937515616417	0.9850067496299744	0.015506022609770298	0.04662627354264259	0.984000027179718	0.028138110414147377	0.9836249947547913	0.018337195739150047
28	0.03627839311957359	0.9851486682891846	0.02109973132610321	0.9852702617645264	0.015027457848191261	0.048942286521196365	0.9826250076293945	0.029879195615649223	0.9823125004768372	0.018911628052592278
29	0.03457244858145714	0.9860000014305115	0.019810520112514496	0.9854391813278198	0.014610229060053825	0.04386308416724205	0.9843124747276306	0.026935551315546036	0.9840624928474426	0.01677561365067959
